<?xml version="1.0" encoding="UTF-8"?>
<!-- Generated by org.testng.reporters.JUnitXMLReporter -->
<testsuite ignored="0" hostname="Dhivakar" failures="0" tests="7" name="Test" time="170.497" errors="0" timestamp="2024-05-28T16:22:24 IST">
  <testcase classname="CapstoneProjects.SignUpTest" name="validateSignUpPage" time="7.329"/>
  <testcase classname="CapstoneProjects.BookingFormTest" name="fillBookingFromAndSubmit" time="3.513"/>
  <testcase classname="CapstoneProjects.FlightBookingTest" name="selectFlightAndProceedToBooking" time="1.206"/>
  <testcase classname="CapstoneProjects.LoginTest" name="loginwithDummycredentials" time="2.174"/>
  <testcase classname="CapstoneProjects.FlightSearchTest" name="searchOneWayFlight" time="0.745"/>
  <testcase classname="CapstoneProjects.FlightSearchTest" name="searchRoundTripFlight" time="0.503"/>
  <testcase classname="CapstoneProjects.BookignPageValidationTest" name="validateBookingPageFields" time="5.072"/>
</testsuite> <!-- Test -->
